Analysis & Synthesis report for Bluetooth
Fri Sep 24 12:54:24 2021
Quartus II 64-Bit Version 13.0.1 Build 232 06/12/2013 Service Pack 1 SJ Web Edition


---------------------
; Table of Contents ;
---------------------
  1. Legal Notice
  2. Analysis & Synthesis Summary
  3. Analysis & Synthesis Settings
  4. Parallel Compilation
  5. Analysis & Synthesis Source Files Read
  6. Analysis & Synthesis Resource Usage Summary
  7. Analysis & Synthesis Resource Utilization by Entity
  8. State Machine - |bluetooth|mef_tx_uart:inst_tx_uart|estado
  9. Registers Removed During Synthesis
 10. General Register Statistics
 11. Multiplexer Restructuring Statistics (Restructuring Performed)
 12. Parameter Settings for User Entity Instance: divisor_frecuencia:inst_clk_9600
 13. Parameter Settings for User Entity Instance: divisor_frecuencia:inst_clk_872
 14. Elapsed Time Per Partition
 15. Analysis & Synthesis Messages



----------------
; Legal Notice ;
----------------
Copyright (C) 1991-2013 Altera Corporation
Your use of Altera Corporation's design tools, logic functions 
and other software and tools, and its AMPP partner logic 
functions, and any output files from any of the foregoing 
(including device programming or simulation files), and any 
associated documentation or information are expressly subject 
to the terms and conditions of the Altera Program License 
Subscription Agreement, Altera MegaCore Function License 
Agreement, or other applicable license agreement, including, 
without limitation, that your use is for the sole purpose of 
programming logic devices manufactured by Altera and sold by 
Altera or its authorized distributors.  Please refer to the 
applicable agreement for further details.



+--------------------------------------------------------------------------------------+
; Analysis & Synthesis Summary                                                         ;
+------------------------------------+-------------------------------------------------+
; Analysis & Synthesis Status        ; Successful - Fri Sep 24 12:54:24 2021           ;
; Quartus II 64-Bit Version          ; 13.0.1 Build 232 06/12/2013 SP 1 SJ Web Edition ;
; Revision Name                      ; Bluetooth                                       ;
; Top-level Entity Name              ; bluetooth                                       ;
; Family                             ; Cyclone II                                      ;
; Total logic elements               ; 108                                             ;
;     Total combinational functions  ; 99                                              ;
;     Dedicated logic registers      ; 69                                              ;
; Total registers                    ; 69                                              ;
; Total pins                         ; 12                                              ;
; Total virtual pins                 ; 0                                               ;
; Total memory bits                  ; 0                                               ;
; Embedded Multiplier 9-bit elements ; 0                                               ;
; Total PLLs                         ; 0                                               ;
+------------------------------------+-------------------------------------------------+


+----------------------------------------------------------------------------------------------------------------------+
; Analysis & Synthesis Settings                                                                                        ;
+----------------------------------------------------------------------------+--------------------+--------------------+
; Option                                                                     ; Setting            ; Default Value      ;
+----------------------------------------------------------------------------+--------------------+--------------------+
; Device                                                                     ; EP2C8Q208C8        ;                    ;
; Top-level entity name                                                      ; Bluetooth          ; Bluetooth          ;
; Family name                                                                ; Cyclone II         ; Cyclone IV GX      ;
; Use smart compilation                                                      ; Off                ; Off                ;
; Enable parallel Assembler and TimeQuest Timing Analyzer during compilation ; On                 ; On                 ;
; Enable compact report table                                                ; Off                ; Off                ;
; Restructure Multiplexers                                                   ; Auto               ; Auto               ;
; Create Debugging Nodes for IP Cores                                        ; Off                ; Off                ;
; Preserve fewer node names                                                  ; On                 ; On                 ;
; Disable OpenCore Plus hardware evaluation                                  ; Off                ; Off                ;
; Verilog Version                                                            ; Verilog_2001       ; Verilog_2001       ;
; VHDL Version                                                               ; VHDL_1993          ; VHDL_1993          ;
; State Machine Processing                                                   ; Auto               ; Auto               ;
; Safe State Machine                                                         ; Off                ; Off                ;
; Extract Verilog State Machines                                             ; On                 ; On                 ;
; Extract VHDL State Machines                                                ; On                 ; On                 ;
; Ignore Verilog initial constructs                                          ; Off                ; Off                ;
; Iteration limit for constant Verilog loops                                 ; 5000               ; 5000               ;
; Iteration limit for non-constant Verilog loops                             ; 250                ; 250                ;
; Add Pass-Through Logic to Inferred RAMs                                    ; On                 ; On                 ;
; Infer RAMs from Raw Logic                                                  ; On                 ; On                 ;
; Parallel Synthesis                                                         ; On                 ; On                 ;
; DSP Block Balancing                                                        ; Auto               ; Auto               ;
; NOT Gate Push-Back                                                         ; On                 ; On                 ;
; Power-Up Don't Care                                                        ; On                 ; On                 ;
; Remove Redundant Logic Cells                                               ; Off                ; Off                ;
; Remove Duplicate Registers                                                 ; On                 ; On                 ;
; Ignore CARRY Buffers                                                       ; Off                ; Off                ;
; Ignore CASCADE Buffers                                                     ; Off                ; Off                ;
; Ignore GLOBAL Buffers                                                      ; Off                ; Off                ;
; Ignore ROW GLOBAL Buffers                                                  ; Off                ; Off                ;
; Ignore LCELL Buffers                                                       ; Off                ; Off                ;
; Ignore SOFT Buffers                                                        ; On                 ; On                 ;
; Limit AHDL Integers to 32 Bits                                             ; Off                ; Off                ;
; Optimization Technique                                                     ; Balanced           ; Balanced           ;
; Carry Chain Length                                                         ; 70                 ; 70                 ;
; Auto Carry Chains                                                          ; On                 ; On                 ;
; Auto Open-Drain Pins                                                       ; On                 ; On                 ;
; Perform WYSIWYG Primitive Resynthesis                                      ; Off                ; Off                ;
; Auto ROM Replacement                                                       ; On                 ; On                 ;
; Auto RAM Replacement                                                       ; On                 ; On                 ;
; Auto Shift Register Replacement                                            ; Auto               ; Auto               ;
; Allow Shift Register Merging across Hierarchies                            ; Auto               ; Auto               ;
; Auto Clock Enable Replacement                                              ; On                 ; On                 ;
; Strict RAM Replacement                                                     ; Off                ; Off                ;
; Allow Synchronous Control Signals                                          ; On                 ; On                 ;
; Force Use of Synchronous Clear Signals                                     ; Off                ; Off                ;
; Auto RAM to Logic Cell Conversion                                          ; Off                ; Off                ;
; Auto Resource Sharing                                                      ; Off                ; Off                ;
; Allow Any RAM Size For Recognition                                         ; Off                ; Off                ;
; Allow Any ROM Size For Recognition                                         ; Off                ; Off                ;
; Allow Any Shift Register Size For Recognition                              ; Off                ; Off                ;
; Use LogicLock Constraints during Resource Balancing                        ; On                 ; On                 ;
; Ignore translate_off and synthesis_off directives                          ; Off                ; Off                ;
; Timing-Driven Synthesis                                                    ; Off                ; Off                ;
; Report Parameter Settings                                                  ; On                 ; On                 ;
; Report Source Assignments                                                  ; On                 ; On                 ;
; Report Connectivity Checks                                                 ; On                 ; On                 ;
; Ignore Maximum Fan-Out Assignments                                         ; Off                ; Off                ;
; Synchronization Register Chain Length                                      ; 2                  ; 2                  ;
; PowerPlay Power Optimization                                               ; Normal compilation ; Normal compilation ;
; HDL message level                                                          ; Level2             ; Level2             ;
; Suppress Register Optimization Related Messages                            ; Off                ; Off                ;
; Number of Removed Registers Reported in Synthesis Report                   ; 5000               ; 5000               ;
; Number of Swept Nodes Reported in Synthesis Report                         ; 5000               ; 5000               ;
; Number of Inverted Registers Reported in Synthesis Report                  ; 100                ; 100                ;
; Clock MUX Protection                                                       ; On                 ; On                 ;
; Auto Gated Clock Conversion                                                ; Off                ; Off                ;
; Block Design Naming                                                        ; Auto               ; Auto               ;
; SDC constraint protection                                                  ; Off                ; Off                ;
; Synthesis Effort                                                           ; Auto               ; Auto               ;
; Shift Register Replacement - Allow Asynchronous Clear Signal               ; On                 ; On                 ;
; Pre-Mapping Resynthesis Optimization                                       ; Off                ; Off                ;
; Analysis & Synthesis Message Level                                         ; Medium             ; Medium             ;
; Disable Register Merging Across Hierarchies                                ; Auto               ; Auto               ;
; Resource Aware Inference For Block RAM                                     ; On                 ; On                 ;
; Synthesis Seed                                                             ; 1                  ; 1                  ;
+----------------------------------------------------------------------------+--------------------+--------------------+


Parallel compilation was disabled, but you have multiple processors available. Enable parallel compilation to reduce compilation time.
+-------------------------------------+
; Parallel Compilation                ;
+----------------------------+--------+
; Processors                 ; Number ;
+----------------------------+--------+
; Number detected on machine ; 8      ;
; Maximum allowed            ; 1      ;
+----------------------------+--------+


+-------------------------------------------------------------------------------------------------------------------------------------------------------------+
; Analysis & Synthesis Source Files Read                                                                                                                      ;
+-----------------------------------------+-----------------+-----------------+---------------------------------------------------------------------+---------+
; File Name with User-Entered Path        ; Used in Netlist ; File Type       ; File Name with Absolute Path                                        ; Library ;
+-----------------------------------------+-----------------+-----------------+---------------------------------------------------------------------+---------+
; ../Archivos_VHDL/package_tesis.vhd      ; yes             ; User VHDL File  ; C:/Users/rodri/Documents/Tesis/Archivos_VHDL/package_tesis.vhd      ;         ;
; ../Archivos_VHDL/divisor_frecuencia.vhd ; yes             ; User VHDL File  ; C:/Users/rodri/Documents/Tesis/Archivos_VHDL/divisor_frecuencia.vhd ;         ;
; ../Archivos_VHDL/mef_tx_uart.vhd        ; yes             ; User VHDL File  ; C:/Users/rodri/Documents/Tesis/Archivos_VHDL/mef_tx_uart.vhd        ;         ;
; ../Archivos_VHDL/bluetooth.vhd          ; yes             ; User VHDL File  ; C:/Users/rodri/Documents/Tesis/Archivos_VHDL/bluetooth.vhd          ;         ;
+-----------------------------------------+-----------------+-----------------+---------------------------------------------------------------------+---------+


+-----------------------------------------------------+
; Analysis & Synthesis Resource Usage Summary         ;
+---------------------------------------------+-------+
; Resource                                    ; Usage ;
+---------------------------------------------+-------+
; Estimated Total logic elements              ; 108   ;
;                                             ;       ;
; Total combinational functions               ; 99    ;
; Logic element usage by number of LUT inputs ;       ;
;     -- 4 input functions                    ; 39    ;
;     -- 3 input functions                    ; 10    ;
;     -- <=2 input functions                  ; 50    ;
;                                             ;       ;
; Logic elements by mode                      ;       ;
;     -- normal mode                          ; 56    ;
;     -- arithmetic mode                      ; 43    ;
;                                             ;       ;
; Total registers                             ; 69    ;
;     -- Dedicated logic registers            ; 69    ;
;     -- I/O registers                        ; 0     ;
;                                             ;       ;
; I/O pins                                    ; 12    ;
; Embedded Multiplier 9-bit elements          ; 0     ;
; Maximum fan-out node                        ; rst   ;
; Maximum fan-out                             ; 69    ;
; Total fan-out                               ; 529   ;
; Average fan-out                             ; 2.94  ;
+---------------------------------------------+-------+


+----------------------------------------------------------------------------------------------------------------------------------------------------------------------------------------------------------------+
; Analysis & Synthesis Resource Utilization by Entity                                                                                                                                                            ;
+---------------------------------------+-------------------+--------------+-------------+--------------+---------+-----------+------+--------------+---------------------------------------------+--------------+
; Compilation Hierarchy Node            ; LC Combinationals ; LC Registers ; Memory Bits ; DSP Elements ; DSP 9x9 ; DSP 18x18 ; Pins ; Virtual Pins ; Full Hierarchy Name                         ; Library Name ;
+---------------------------------------+-------------------+--------------+-------------+--------------+---------+-----------+------+--------------+---------------------------------------------+--------------+
; |bluetooth                            ; 99 (54)           ; 69 (39)      ; 0           ; 0            ; 0       ; 0         ; 12   ; 0            ; |bluetooth                                  ; work         ;
;    |divisor_frecuencia:inst_clk_872|  ; 7 (7)             ; 5 (5)        ; 0           ; 0            ; 0       ; 0         ; 0    ; 0            ; |bluetooth|divisor_frecuencia:inst_clk_872  ; work         ;
;    |divisor_frecuencia:inst_clk_9600| ; 31 (31)           ; 14 (14)      ; 0           ; 0            ; 0       ; 0         ; 0    ; 0            ; |bluetooth|divisor_frecuencia:inst_clk_9600 ; work         ;
;    |mef_tx_uart:inst_tx_uart|         ; 7 (7)             ; 11 (11)      ; 0           ; 0            ; 0       ; 0         ; 0    ; 0            ; |bluetooth|mef_tx_uart:inst_tx_uart         ; work         ;
+---------------------------------------+-------------------+--------------+-------------+--------------+---------+-----------+------+--------------+---------------------------------------------+--------------+
Note: For table entries with two numbers listed, the numbers in parentheses indicate the number of resources of the given type used by the specific entity alone. The numbers listed outside of parentheses indicate the total resources of the given type used by the specific entity and all of its sub-entities in the hierarchy.


Encoding Type:  One-Hot
+---------------------------------------------------------------------------------------------------------------------------------------------------------+
; State Machine - |bluetooth|mef_tx_uart:inst_tx_uart|estado                                                                                              ;
+--------------+-------------+-----------+-----------+-----------+-----------+-----------+-----------+-----------+-----------+--------------+-------------+
; Name         ; estado.stop ; estado.d7 ; estado.d6 ; estado.d5 ; estado.d4 ; estado.d3 ; estado.d2 ; estado.d1 ; estado.d0 ; estado.start ; estado.idle ;
+--------------+-------------+-----------+-----------+-----------+-----------+-----------+-----------+-----------+-----------+--------------+-------------+
; estado.idle  ; 0           ; 0         ; 0         ; 0         ; 0         ; 0         ; 0         ; 0         ; 0         ; 0            ; 0           ;
; estado.start ; 0           ; 0         ; 0         ; 0         ; 0         ; 0         ; 0         ; 0         ; 0         ; 1            ; 1           ;
; estado.d0    ; 0           ; 0         ; 0         ; 0         ; 0         ; 0         ; 0         ; 0         ; 1         ; 0            ; 1           ;
; estado.d1    ; 0           ; 0         ; 0         ; 0         ; 0         ; 0         ; 0         ; 1         ; 0         ; 0            ; 1           ;
; estado.d2    ; 0           ; 0         ; 0         ; 0         ; 0         ; 0         ; 1         ; 0         ; 0         ; 0            ; 1           ;
; estado.d3    ; 0           ; 0         ; 0         ; 0         ; 0         ; 1         ; 0         ; 0         ; 0         ; 0            ; 1           ;
; estado.d4    ; 0           ; 0         ; 0         ; 0         ; 1         ; 0         ; 0         ; 0         ; 0         ; 0            ; 1           ;
; estado.d5    ; 0           ; 0         ; 0         ; 1         ; 0         ; 0         ; 0         ; 0         ; 0         ; 0            ; 1           ;
; estado.d6    ; 0           ; 0         ; 1         ; 0         ; 0         ; 0         ; 0         ; 0         ; 0         ; 0            ; 1           ;
; estado.d7    ; 0           ; 1         ; 0         ; 0         ; 0         ; 0         ; 0         ; 0         ; 0         ; 0            ; 1           ;
; estado.stop  ; 1           ; 0         ; 0         ; 0         ; 0         ; 0         ; 0         ; 0         ; 0         ; 0            ; 1           ;
+--------------+-------------+-----------+-----------+-----------+-----------+-----------+-----------+-----------+-----------+--------------+-------------+


+--------------------------------------------------------------------------------+
; Registers Removed During Synthesis                                             ;
+---------------------------------------+----------------------------------------+
; Register name                         ; Reason for Removal                     ;
+---------------------------------------+----------------------------------------+
; dato_tx[7]                            ; Stuck at GND due to stuck port data_in ;
; Total Number of Removed Registers = 1 ;                                        ;
+---------------------------------------+----------------------------------------+


+------------------------------------------------------+
; General Register Statistics                          ;
+----------------------------------------------+-------+
; Statistic                                    ; Value ;
+----------------------------------------------+-------+
; Total registers                              ; 69    ;
; Number of registers using Synchronous Clear  ; 32    ;
; Number of registers using Synchronous Load   ; 0     ;
; Number of registers using Asynchronous Clear ; 69    ;
; Number of registers using Asynchronous Load  ; 0     ;
; Number of registers using Clock Enable       ; 7     ;
; Number of registers using Preset             ; 0     ;
+----------------------------------------------+-------+


+-------------------------------------------------------------------------------------------------------------------------------------------------------------------+
; Multiplexer Restructuring Statistics (Restructuring Performed)                                                                                                    ;
+--------------------+-----------+---------------+----------------------+------------------------+------------+-----------------------------------------------------+
; Multiplexer Inputs ; Bus Width ; Baseline Area ; Area if Restructured ; Saving if Restructured ; Registered ; Example Multiplexer Output                          ;
+--------------------+-----------+---------------+----------------------+------------------------+------------+-----------------------------------------------------+
; 4:1                ; 13 bits   ; 26 LEs        ; 13 LEs               ; 13 LEs                 ; Yes        ; |bluetooth|divisor_frecuencia:inst_clk_9600|cnt[12] ;
; 4:1                ; 4 bits    ; 8 LEs         ; 4 LEs                ; 4 LEs                  ; Yes        ; |bluetooth|divisor_frecuencia:inst_clk_872|cnt[0]   ;
+--------------------+-----------+---------------+----------------------+------------------------+------------+-----------------------------------------------------+


+-------------------------------------------------------------------------------+
; Parameter Settings for User Entity Instance: divisor_frecuencia:inst_clk_9600 ;
+----------------+-------+------------------------------------------------------+
; Parameter Name ; Value ; Type                                                 ;
+----------------+-------+------------------------------------------------------+
; escala         ; 5209  ; Signed Integer                                       ;
+----------------+-------+------------------------------------------------------+
Note: In order to hide this table in the UI and the text report file, please set the "Show Parameter Settings in Synthesis Report" option in "Analysis and Synthesis Settings -> More Settings" to "Off".


+------------------------------------------------------------------------------+
; Parameter Settings for User Entity Instance: divisor_frecuencia:inst_clk_872 ;
+----------------+-------+-----------------------------------------------------+
; Parameter Name ; Value ; Type                                                ;
+----------------+-------+-----------------------------------------------------+
; escala         ; 11    ; Signed Integer                                      ;
+----------------+-------+-----------------------------------------------------+
Note: In order to hide this table in the UI and the text report file, please set the "Show Parameter Settings in Synthesis Report" option in "Analysis and Synthesis Settings -> More Settings" to "Off".


+-------------------------------+
; Elapsed Time Per Partition    ;
+----------------+--------------+
; Partition Name ; Elapsed Time ;
+----------------+--------------+
; Top            ; 00:00:00     ;
+----------------+--------------+


+-------------------------------+
; Analysis & Synthesis Messages ;
+-------------------------------+
Info: *******************************************************************
Info: Running Quartus II 64-Bit Analysis & Synthesis
    Info: Version 13.0.1 Build 232 06/12/2013 Service Pack 1 SJ Web Edition
    Info: Processing started: Fri Sep 24 12:54:22 2021
Info: Command: quartus_map --read_settings_files=on --write_settings_files=off Bluetooth -c Bluetooth
Warning (20028): Parallel compilation is not licensed and has been disabled
Info (12021): Found 1 design units, including 0 entities, in source file /users/rodri/documents/tesis/archivos_vhdl/package_tesis.vhd
    Info (12022): Found design unit 1: package_tesis
Info (12021): Found 2 design units, including 1 entities, in source file /users/rodri/documents/tesis/archivos_vhdl/divisor_frecuencia.vhd
    Info (12022): Found design unit 1: divisor_frecuencia-arch_divisor_frec
    Info (12023): Found entity 1: divisor_frecuencia
Info (12021): Found 2 design units, including 1 entities, in source file /users/rodri/documents/tesis/archivos_vhdl/mef_tx_uart.vhd
    Info (12022): Found design unit 1: mef_tx_uart-arch_mef_tx_uart
    Info (12023): Found entity 1: mef_tx_uart
Info (12021): Found 2 design units, including 1 entities, in source file /users/rodri/documents/tesis/archivos_vhdl/mef_rx_uart.vhd
    Info (12022): Found design unit 1: mef_rx_uart-arch_mef_rx_uart
    Info (12023): Found entity 1: mef_rx_uart
Info (12021): Found 2 design units, including 1 entities, in source file /users/rodri/documents/tesis/archivos_vhdl/bluetooth.vhd
    Info (12022): Found design unit 1: bluetooth-arch_bluetooth
    Info (12023): Found entity 1: bluetooth
Info (12021): Found 2 design units, including 1 entities, in source file /users/rodri/documents/tesis/archivos_vhdl/tb_bluetooth.vhd
    Info (12022): Found design unit 1: tb_bluetooth-arch_tb_bluetooth
    Info (12023): Found entity 1: tb_bluetooth
Info (12127): Elaborating entity "Bluetooth" for the top level hierarchy
Warning (10541): VHDL Signal Declaration warning at bluetooth.vhd(13): used implicit default value for signal "dato_rx" because signal was never assigned a value or an explicit default value. Use of implicit default value may introduce unintended design optimizations.
Warning (10036): Verilog HDL or VHDL warning at bluetooth.vhd(29): object "no_clk_872" assigned a value but never read
Warning (10540): VHDL Signal Declaration warning at bluetooth.vhd(30): used explicit default value for signal "long" because signal was never assigned a value
Warning (10492): VHDL Process Statement warning at bluetooth.vhd(90): signal "clk_872" is read inside the Process Statement but isn't in the Process Statement's sensitivity list
Info (12128): Elaborating entity "divisor_frecuencia" for hierarchy "divisor_frecuencia:inst_clk_9600"
Info (12128): Elaborating entity "mef_tx_uart" for hierarchy "mef_tx_uart:inst_tx_uart"
Info (12128): Elaborating entity "divisor_frecuencia" for hierarchy "divisor_frecuencia:inst_clk_872"
Warning (13024): Output pins are stuck at VCC or GND
    Warning (13410): Pin "dato_rx[0]" is stuck at GND
    Warning (13410): Pin "dato_rx[1]" is stuck at GND
    Warning (13410): Pin "dato_rx[2]" is stuck at GND
    Warning (13410): Pin "dato_rx[3]" is stuck at GND
    Warning (13410): Pin "dato_rx[4]" is stuck at GND
    Warning (13410): Pin "dato_rx[5]" is stuck at GND
    Warning (13410): Pin "dato_rx[6]" is stuck at GND
    Warning (13410): Pin "dato_rx[7]" is stuck at GND
Critical Warning (18061): Ignored Power-Up Level option on the following registers
    Critical Warning (18010): Register dato_tx[6] will power up to Low
    Critical Warning (18010): Register dato_tx[4] will power up to Low
    Critical Warning (18010): Register dato_tx[1] will power up to Low
Info (16010): Generating hard_block partition "hard_block:auto_generated_inst"
    Info (16011): Adding 0 node(s), including 0 DDIO, 0 PLL, 0 transceiver and 0 LCELL
Warning (21074): Design contains 1 input pin(s) that do not drive logic
    Warning (15610): No output dependent on input pin "rx"
Info (21057): Implemented 128 device resources after synthesis - the final resource count might be different
    Info (21058): Implemented 3 input pins
    Info (21059): Implemented 9 output pins
    Info (21061): Implemented 116 logic cells
Info: Quartus II 64-Bit Analysis & Synthesis was successful. 0 errors, 20 warnings
    Info: Peak virtual memory: 4627 megabytes
    Info: Processing ended: Fri Sep 24 12:54:24 2021
    Info: Elapsed time: 00:00:02
    Info: Total CPU time (on all processors): 00:00:02


