Analysis & Synthesis report for shield_iot
Thu Sep 16 22:13:13 2021
Quartus II 64-Bit Version 13.0.1 Build 232 06/12/2013 Service Pack 1 SJ Web Edition


---------------------
; Table of Contents ;
---------------------
  1. Legal Notice
  2. Analysis & Synthesis Summary
  3. Analysis & Synthesis Settings
  4. Parallel Compilation
  5. Analysis & Synthesis Source Files Read
  6. Analysis & Synthesis Resource Usage Summary
  7. Analysis & Synthesis Resource Utilization by Entity
  8. State Machine - |shield_iot|wifi:inst_wifi|estado
  9. State Machine - |shield_iot|wifi:inst_wifi|mef_rx_uart:inst_rx_uart|estado
 10. State Machine - |shield_iot|wifi:inst_wifi|mef_tx_uart:inst_tx_uart|estado
 11. State Machine - |shield_iot|bluetooth:inst_bluetooth|mef_rx_uart:inst_rx_uart|estado
 12. State Machine - |shield_iot|bluetooth:inst_bluetooth|mef_tx_uart:inst_tx_uart|estado
 13. Registers Removed During Synthesis
 14. General Register Statistics
 15. Inverted Register Statistics
 16. Multiplexer Restructuring Statistics (Restructuring Performed)
 17. Parameter Settings for User Entity Instance: bluetooth:inst_bluetooth|divisor_frecuencia:inst_clk_9592
 18. Parameter Settings for User Entity Instance: bluetooth:inst_bluetooth|divisor_frecuencia:inst_clk_872
 19. Parameter Settings for User Entity Instance: bluetooth:inst_bluetooth|divisor_frecuencia:inst_clk_153472
 20. Parameter Settings for User Entity Instance: wifi:inst_wifi|divisor_frecuencia:inst_clk_872
 21. Parameter Settings for User Entity Instance: wifi:inst_wifi|divisor_frecuencia:inst_clk_9592
 22. Parameter Settings for User Entity Instance: wifi:inst_wifi|divisor_frecuencia:inst_clk_153472
 23. Port Connectivity Checks: "wifi:inst_wifi|mef_rx_uart:inst_rx_uart"
 24. Port Connectivity Checks: "bluetooth:inst_bluetooth|mef_rx_uart:inst_rx_uart"
 25. Elapsed Time Per Partition
 26. Analysis & Synthesis Messages



----------------
; Legal Notice ;
----------------
Copyright (C) 1991-2013 Altera Corporation
Your use of Altera Corporation's design tools, logic functions 
and other software and tools, and its AMPP partner logic 
functions, and any output files from any of the foregoing 
(including device programming or simulation files), and any 
associated documentation or information are expressly subject 
to the terms and conditions of the Altera Program License 
Subscription Agreement, Altera MegaCore Function License 
Agreement, or other applicable license agreement, including, 
without limitation, that your use is for the sole purpose of 
programming logic devices manufactured by Altera and sold by 
Altera or its authorized distributors.  Please refer to the 
applicable agreement for further details.



+--------------------------------------------------------------------------------------+
; Analysis & Synthesis Summary                                                         ;
+------------------------------------+-------------------------------------------------+
; Analysis & Synthesis Status        ; Successful - Thu Sep 16 22:13:13 2021           ;
; Quartus II 64-Bit Version          ; 13.0.1 Build 232 06/12/2013 SP 1 SJ Web Edition ;
; Revision Name                      ; shield_iot                                      ;
; Top-level Entity Name              ; shield_iot                                      ;
; Family                             ; Cyclone II                                      ;
; Total logic elements               ; 634                                             ;
;     Total combinational functions  ; 598                                             ;
;     Dedicated logic registers      ; 235                                             ;
; Total registers                    ; 235                                             ;
; Total pins                         ; 24                                              ;
; Total virtual pins                 ; 0                                               ;
; Total memory bits                  ; 0                                               ;
; Embedded Multiplier 9-bit elements ; 0                                               ;
; Total PLLs                         ; 0                                               ;
+------------------------------------+-------------------------------------------------+


+----------------------------------------------------------------------------------------------------------------------+
; Analysis & Synthesis Settings                                                                                        ;
+----------------------------------------------------------------------------+--------------------+--------------------+
; Option                                                                     ; Setting            ; Default Value      ;
+----------------------------------------------------------------------------+--------------------+--------------------+
; Device                                                                     ; EP2C8Q208C8        ;                    ;
; Top-level entity name                                                      ; shield_iot         ; shield_iot         ;
; Family name                                                                ; Cyclone II         ; Cyclone IV GX      ;
; Use smart compilation                                                      ; Off                ; Off                ;
; Enable parallel Assembler and TimeQuest Timing Analyzer during compilation ; On                 ; On                 ;
; Enable compact report table                                                ; Off                ; Off                ;
; Restructure Multiplexers                                                   ; Auto               ; Auto               ;
; Create Debugging Nodes for IP Cores                                        ; Off                ; Off                ;
; Preserve fewer node names                                                  ; On                 ; On                 ;
; Disable OpenCore Plus hardware evaluation                                  ; Off                ; Off                ;
; Verilog Version                                                            ; Verilog_2001       ; Verilog_2001       ;
; VHDL Version                                                               ; VHDL_1993          ; VHDL_1993          ;
; State Machine Processing                                                   ; Auto               ; Auto               ;
; Safe State Machine                                                         ; Off                ; Off                ;
; Extract Verilog State Machines                                             ; On                 ; On                 ;
; Extract VHDL State Machines                                                ; On                 ; On                 ;
; Ignore Verilog initial constructs                                          ; Off                ; Off                ;
; Iteration limit for constant Verilog loops                                 ; 5000               ; 5000               ;
; Iteration limit for non-constant Verilog loops                             ; 250                ; 250                ;
; Add Pass-Through Logic to Inferred RAMs                                    ; On                 ; On                 ;
; Infer RAMs from Raw Logic                                                  ; On                 ; On                 ;
; Parallel Synthesis                                                         ; On                 ; On                 ;
; DSP Block Balancing                                                        ; Auto               ; Auto               ;
; NOT Gate Push-Back                                                         ; On                 ; On                 ;
; Power-Up Don't Care                                                        ; On                 ; On                 ;
; Remove Redundant Logic Cells                                               ; Off                ; Off                ;
; Remove Duplicate Registers                                                 ; On                 ; On                 ;
; Ignore CARRY Buffers                                                       ; Off                ; Off                ;
; Ignore CASCADE Buffers                                                     ; Off                ; Off                ;
; Ignore GLOBAL Buffers                                                      ; Off                ; Off                ;
; Ignore ROW GLOBAL Buffers                                                  ; Off                ; Off                ;
; Ignore LCELL Buffers                                                       ; Off                ; Off                ;
; Ignore SOFT Buffers                                                        ; On                 ; On                 ;
; Limit AHDL Integers to 32 Bits                                             ; Off                ; Off                ;
; Optimization Technique                                                     ; Balanced           ; Balanced           ;
; Carry Chain Length                                                         ; 70                 ; 70                 ;
; Auto Carry Chains                                                          ; On                 ; On                 ;
; Auto Open-Drain Pins                                                       ; On                 ; On                 ;
; Perform WYSIWYG Primitive Resynthesis                                      ; Off                ; Off                ;
; Auto ROM Replacement                                                       ; On                 ; On                 ;
; Auto RAM Replacement                                                       ; On                 ; On                 ;
; Auto Shift Register Replacement                                            ; Auto               ; Auto               ;
; Allow Shift Register Merging across Hierarchies                            ; Auto               ; Auto               ;
; Auto Clock Enable Replacement                                              ; On                 ; On                 ;
; Strict RAM Replacement                                                     ; Off                ; Off                ;
; Allow Synchronous Control Signals                                          ; On                 ; On                 ;
; Force Use of Synchronous Clear Signals                                     ; Off                ; Off                ;
; Auto RAM to Logic Cell Conversion                                          ; Off                ; Off                ;
; Auto Resource Sharing                                                      ; Off                ; Off                ;
; Allow Any RAM Size For Recognition                                         ; Off                ; Off                ;
; Allow Any ROM Size For Recognition                                         ; Off                ; Off                ;
; Allow Any Shift Register Size For Recognition                              ; Off                ; Off                ;
; Use LogicLock Constraints during Resource Balancing                        ; On                 ; On                 ;
; Ignore translate_off and synthesis_off directives                          ; Off                ; Off                ;
; Timing-Driven Synthesis                                                    ; Off                ; Off                ;
; Report Parameter Settings                                                  ; On                 ; On                 ;
; Report Source Assignments                                                  ; On                 ; On                 ;
; Report Connectivity Checks                                                 ; On                 ; On                 ;
; Ignore Maximum Fan-Out Assignments                                         ; Off                ; Off                ;
; Synchronization Register Chain Length                                      ; 2                  ; 2                  ;
; PowerPlay Power Optimization                                               ; Normal compilation ; Normal compilation ;
; HDL message level                                                          ; Level2             ; Level2             ;
; Suppress Register Optimization Related Messages                            ; Off                ; Off                ;
; Number of Removed Registers Reported in Synthesis Report                   ; 5000               ; 5000               ;
; Number of Swept Nodes Reported in Synthesis Report                         ; 5000               ; 5000               ;
; Number of Inverted Registers Reported in Synthesis Report                  ; 100                ; 100                ;
; Clock MUX Protection                                                       ; On                 ; On                 ;
; Auto Gated Clock Conversion                                                ; Off                ; Off                ;
; Block Design Naming                                                        ; Auto               ; Auto               ;
; SDC constraint protection                                                  ; Off                ; Off                ;
; Synthesis Effort                                                           ; Auto               ; Auto               ;
; Shift Register Replacement - Allow Asynchronous Clear Signal               ; On                 ; On                 ;
; Pre-Mapping Resynthesis Optimization                                       ; Off                ; Off                ;
; Analysis & Synthesis Message Level                                         ; Medium             ; Medium             ;
; Disable Register Merging Across Hierarchies                                ; Auto               ; Auto               ;
; Resource Aware Inference For Block RAM                                     ; On                 ; On                 ;
; Synthesis Seed                                                             ; 1                  ; 1                  ;
+----------------------------------------------------------------------------+--------------------+--------------------+


Parallel compilation was disabled, but you have multiple processors available. Enable parallel compilation to reduce compilation time.
+-------------------------------------+
; Parallel Compilation                ;
+----------------------------+--------+
; Processors                 ; Number ;
+----------------------------+--------+
; Number detected on machine ; 8      ;
; Maximum allowed            ; 1      ;
+----------------------------+--------+


+---------------------------------------------------------------------------------------------------------------------------------------------------------------------+
; Analysis & Synthesis Source Files Read                                                                                                                              ;
+----------------------------------+-----------------+-----------------+------------------------------------------------------------------------------------+---------+
; File Name with User-Entered Path ; Used in Netlist ; File Type       ; File Name with Absolute Path                                                       ; Library ;
+----------------------------------+-----------------+-----------------+------------------------------------------------------------------------------------+---------+
; wifi.vhd                         ; yes             ; User VHDL File  ; C:/Users/rodrigo/Documents/MEGAsync/Facultad/Tesis/Proyecto/wifi.vhd               ;         ;
; shield_iot.vhd                   ; yes             ; User VHDL File  ; C:/Users/rodrigo/Documents/MEGAsync/Facultad/Tesis/Proyecto/shield_iot.vhd         ;         ;
; mef_tx_uart.vhd                  ; yes             ; User VHDL File  ; C:/Users/rodrigo/Documents/MEGAsync/Facultad/Tesis/Proyecto/mef_tx_uart.vhd        ;         ;
; mef_rx_uart.vhd                  ; yes             ; User VHDL File  ; C:/Users/rodrigo/Documents/MEGAsync/Facultad/Tesis/Proyecto/mef_rx_uart.vhd        ;         ;
; divisor_frecuencia.vhd           ; yes             ; User VHDL File  ; C:/Users/rodrigo/Documents/MEGAsync/Facultad/Tesis/Proyecto/divisor_frecuencia.vhd ;         ;
; bluetooth.vhd                    ; yes             ; User VHDL File  ; C:/Users/rodrigo/Documents/MEGAsync/Facultad/Tesis/Proyecto/bluetooth.vhd          ;         ;
+----------------------------------+-----------------+-----------------+------------------------------------------------------------------------------------+---------+


+-----------------------------------------------------+
; Analysis & Synthesis Resource Usage Summary         ;
+---------------------------------------------+-------+
; Resource                                    ; Usage ;
+---------------------------------------------+-------+
; Estimated Total logic elements              ; 634   ;
;                                             ;       ;
; Total combinational functions               ; 598   ;
; Logic element usage by number of LUT inputs ;       ;
;     -- 4 input functions                    ; 386   ;
;     -- 3 input functions                    ; 61    ;
;     -- <=2 input functions                  ; 151   ;
;                                             ;       ;
; Logic elements by mode                      ;       ;
;     -- normal mode                          ; 485   ;
;     -- arithmetic mode                      ; 113   ;
;                                             ;       ;
; Total registers                             ; 235   ;
;     -- Dedicated logic registers            ; 235   ;
;     -- I/O registers                        ; 0     ;
;                                             ;       ;
; I/O pins                                    ; 24    ;
; Embedded Multiplier 9-bit elements          ; 0     ;
; Maximum fan-out node                        ; rst   ;
; Maximum fan-out                             ; 201   ;
; Total fan-out                               ; 2884  ;
; Average fan-out                             ; 3.37  ;
+---------------------------------------------+-------+


+-------------------------------------------------------------------------------------------------------------------------------------------------------------------------------------------------------------------------------------------------+
; Analysis & Synthesis Resource Utilization by Entity                                                                                                                                                                                             ;
+--------------------------------------------+-------------------+--------------+-------------+--------------+---------+-----------+------+--------------+-------------------------------------------------------------------------+--------------+
; Compilation Hierarchy Node                 ; LC Combinationals ; LC Registers ; Memory Bits ; DSP Elements ; DSP 9x9 ; DSP 18x18 ; Pins ; Virtual Pins ; Full Hierarchy Name                                                     ; Library Name ;
+--------------------------------------------+-------------------+--------------+-------------+--------------+---------+-----------+------+--------------+-------------------------------------------------------------------------+--------------+
; |shield_iot                                ; 598 (0)           ; 235 (0)      ; 0           ; 0            ; 0       ; 0         ; 24   ; 0            ; |shield_iot                                                             ; work         ;
;    |bluetooth:inst_bluetooth|              ; 124 (54)          ; 106 (39)     ; 0           ; 0            ; 0       ; 0         ; 0    ; 0            ; |shield_iot|bluetooth:inst_bluetooth                                    ; work         ;
;       |divisor_frecuencia:inst_clk_153472| ; 7 (7)             ; 10 (10)      ; 0           ; 0            ; 0       ; 0         ; 0    ; 0            ; |shield_iot|bluetooth:inst_bluetooth|divisor_frecuencia:inst_clk_153472 ; work         ;
;       |divisor_frecuencia:inst_clk_872|    ; 6 (6)             ; 5 (5)        ; 0           ; 0            ; 0       ; 0         ; 0    ; 0            ; |shield_iot|bluetooth:inst_bluetooth|divisor_frecuencia:inst_clk_872    ; work         ;
;       |divisor_frecuencia:inst_clk_9592|   ; 9 (9)             ; 14 (14)      ; 0           ; 0            ; 0       ; 0         ; 0    ; 0            ; |shield_iot|bluetooth:inst_bluetooth|divisor_frecuencia:inst_clk_9592   ; work         ;
;       |mef_rx_uart:inst_rx_uart|           ; 41 (41)           ; 27 (27)      ; 0           ; 0            ; 0       ; 0         ; 0    ; 0            ; |shield_iot|bluetooth:inst_bluetooth|mef_rx_uart:inst_rx_uart           ; work         ;
;       |mef_tx_uart:inst_tx_uart|           ; 7 (7)             ; 11 (11)      ; 0           ; 0            ; 0       ; 0         ; 0    ; 0            ; |shield_iot|bluetooth:inst_bluetooth|mef_tx_uart:inst_tx_uart           ; work         ;
;    |wifi:inst_wifi|                        ; 474 (384)         ; 129 (84)     ; 0           ; 0            ; 0       ; 0         ; 0    ; 0            ; |shield_iot|wifi:inst_wifi                                              ; work         ;
;       |divisor_frecuencia:inst_clk_153472| ; 14 (14)           ; 1 (1)        ; 0           ; 0            ; 0       ; 0         ; 0    ; 0            ; |shield_iot|wifi:inst_wifi|divisor_frecuencia:inst_clk_153472           ; work         ;
;       |divisor_frecuencia:inst_clk_872|    ; 6 (6)             ; 5 (5)        ; 0           ; 0            ; 0       ; 0         ; 0    ; 0            ; |shield_iot|wifi:inst_wifi|divisor_frecuencia:inst_clk_872              ; work         ;
;       |divisor_frecuencia:inst_clk_9592|   ; 22 (22)           ; 1 (1)        ; 0           ; 0            ; 0       ; 0         ; 0    ; 0            ; |shield_iot|wifi:inst_wifi|divisor_frecuencia:inst_clk_9592             ; work         ;
;       |mef_rx_uart:inst_rx_uart|           ; 41 (41)           ; 27 (27)      ; 0           ; 0            ; 0       ; 0         ; 0    ; 0            ; |shield_iot|wifi:inst_wifi|mef_rx_uart:inst_rx_uart                     ; work         ;
;       |mef_tx_uart:inst_tx_uart|           ; 7 (7)             ; 11 (11)      ; 0           ; 0            ; 0       ; 0         ; 0    ; 0            ; |shield_iot|wifi:inst_wifi|mef_tx_uart:inst_tx_uart                     ; work         ;
+--------------------------------------------+-------------------+--------------+-------------+--------------+---------+-----------+------+--------------+-------------------------------------------------------------------------+--------------+
Note: For table entries with two numbers listed, the numbers in parentheses indicate the number of resources of the given type used by the specific entity alone. The numbers listed outside of parentheses indicate the total resources of the given type used by the specific entity and all of its sub-entities in the hierarchy.


Encoding Type:  One-Hot
+---------------------------------------------------------------------------------------------------------------------------------------------------------------------------+
; State Machine - |shield_iot|wifi:inst_wifi|estado                                                                                                                         ;
+------------+------------+------------+------------+-----------+-----------+-----------+-----------+-----------+-----------+-----------+-----------+-----------+-----------+
; Name       ; estado.s12 ; estado.s11 ; estado.s10 ; estado.s9 ; estado.s8 ; estado.s7 ; estado.s6 ; estado.s5 ; estado.s4 ; estado.s3 ; estado.s2 ; estado.s1 ; estado.s0 ;
+------------+------------+------------+------------+-----------+-----------+-----------+-----------+-----------+-----------+-----------+-----------+-----------+-----------+
; estado.s0  ; 0          ; 0          ; 0          ; 0         ; 0         ; 0         ; 0         ; 0         ; 0         ; 0         ; 0         ; 0         ; 0         ;
; estado.s1  ; 0          ; 0          ; 0          ; 0         ; 0         ; 0         ; 0         ; 0         ; 0         ; 0         ; 0         ; 1         ; 1         ;
; estado.s2  ; 0          ; 0          ; 0          ; 0         ; 0         ; 0         ; 0         ; 0         ; 0         ; 0         ; 1         ; 0         ; 1         ;
; estado.s3  ; 0          ; 0          ; 0          ; 0         ; 0         ; 0         ; 0         ; 0         ; 0         ; 1         ; 0         ; 0         ; 1         ;
; estado.s4  ; 0          ; 0          ; 0          ; 0         ; 0         ; 0         ; 0         ; 0         ; 1         ; 0         ; 0         ; 0         ; 1         ;
; estado.s5  ; 0          ; 0          ; 0          ; 0         ; 0         ; 0         ; 0         ; 1         ; 0         ; 0         ; 0         ; 0         ; 1         ;
; estado.s6  ; 0          ; 0          ; 0          ; 0         ; 0         ; 0         ; 1         ; 0         ; 0         ; 0         ; 0         ; 0         ; 1         ;
; estado.s7  ; 0          ; 0          ; 0          ; 0         ; 0         ; 1         ; 0         ; 0         ; 0         ; 0         ; 0         ; 0         ; 1         ;
; estado.s8  ; 0          ; 0          ; 0          ; 0         ; 1         ; 0         ; 0         ; 0         ; 0         ; 0         ; 0         ; 0         ; 1         ;
; estado.s9  ; 0          ; 0          ; 0          ; 1         ; 0         ; 0         ; 0         ; 0         ; 0         ; 0         ; 0         ; 0         ; 1         ;
; estado.s10 ; 0          ; 0          ; 1          ; 0         ; 0         ; 0         ; 0         ; 0         ; 0         ; 0         ; 0         ; 0         ; 1         ;
; estado.s11 ; 0          ; 1          ; 0          ; 0         ; 0         ; 0         ; 0         ; 0         ; 0         ; 0         ; 0         ; 0         ; 1         ;
; estado.s12 ; 1          ; 0          ; 0          ; 0         ; 0         ; 0         ; 0         ; 0         ; 0         ; 0         ; 0         ; 0         ; 1         ;
+------------+------------+------------+------------+-----------+-----------+-----------+-----------+-----------+-----------+-----------+-----------+-----------+-----------+


Encoding Type:  One-Hot
+----------------------------------------------------------------------------+
; State Machine - |shield_iot|wifi:inst_wifi|mef_rx_uart:inst_rx_uart|estado ;
+--------------+-------------+-------------+--------------+------------------+
; Name         ; estado.stop ; estado.data ; estado.start ; estado.idle      ;
+--------------+-------------+-------------+--------------+------------------+
; estado.idle  ; 0           ; 0           ; 0            ; 0                ;
; estado.start ; 0           ; 0           ; 1            ; 1                ;
; estado.data  ; 0           ; 1           ; 0            ; 1                ;
; estado.stop  ; 1           ; 0           ; 0            ; 1                ;
+--------------+-------------+-------------+--------------+------------------+


Encoding Type:  One-Hot
+---------------------------------------------------------------------------------------------------------------------------------------------------------+
; State Machine - |shield_iot|wifi:inst_wifi|mef_tx_uart:inst_tx_uart|estado                                                                              ;
+--------------+-------------+-----------+-----------+-----------+-----------+-----------+-----------+-----------+-----------+--------------+-------------+
; Name         ; estado.stop ; estado.d7 ; estado.d6 ; estado.d5 ; estado.d4 ; estado.d3 ; estado.d2 ; estado.d1 ; estado.d0 ; estado.start ; estado.idle ;
+--------------+-------------+-----------+-----------+-----------+-----------+-----------+-----------+-----------+-----------+--------------+-------------+
; estado.idle  ; 0           ; 0         ; 0         ; 0         ; 0         ; 0         ; 0         ; 0         ; 0         ; 0            ; 0           ;
; estado.start ; 0           ; 0         ; 0         ; 0         ; 0         ; 0         ; 0         ; 0         ; 0         ; 1            ; 1           ;
; estado.d0    ; 0           ; 0         ; 0         ; 0         ; 0         ; 0         ; 0         ; 0         ; 1         ; 0            ; 1           ;
; estado.d1    ; 0           ; 0         ; 0         ; 0         ; 0         ; 0         ; 0         ; 1         ; 0         ; 0            ; 1           ;
; estado.d2    ; 0           ; 0         ; 0         ; 0         ; 0         ; 0         ; 1         ; 0         ; 0         ; 0            ; 1           ;
; estado.d3    ; 0           ; 0         ; 0         ; 0         ; 0         ; 1         ; 0         ; 0         ; 0         ; 0            ; 1           ;
; estado.d4    ; 0           ; 0         ; 0         ; 0         ; 1         ; 0         ; 0         ; 0         ; 0         ; 0            ; 1           ;
; estado.d5    ; 0           ; 0         ; 0         ; 1         ; 0         ; 0         ; 0         ; 0         ; 0         ; 0            ; 1           ;
; estado.d6    ; 0           ; 0         ; 1         ; 0         ; 0         ; 0         ; 0         ; 0         ; 0         ; 0            ; 1           ;
; estado.d7    ; 0           ; 1         ; 0         ; 0         ; 0         ; 0         ; 0         ; 0         ; 0         ; 0            ; 1           ;
; estado.stop  ; 1           ; 0         ; 0         ; 0         ; 0         ; 0         ; 0         ; 0         ; 0         ; 0            ; 1           ;
+--------------+-------------+-----------+-----------+-----------+-----------+-----------+-----------+-----------+-----------+--------------+-------------+


Encoding Type:  One-Hot
+--------------------------------------------------------------------------------------+
; State Machine - |shield_iot|bluetooth:inst_bluetooth|mef_rx_uart:inst_rx_uart|estado ;
+--------------+-------------+-------------+--------------+----------------------------+
; Name         ; estado.stop ; estado.data ; estado.start ; estado.idle                ;
+--------------+-------------+-------------+--------------+----------------------------+
; estado.idle  ; 0           ; 0           ; 0            ; 0                          ;
; estado.start ; 0           ; 0           ; 1            ; 1                          ;
; estado.data  ; 0           ; 1           ; 0            ; 1                          ;
; estado.stop  ; 1           ; 0           ; 0            ; 1                          ;
+--------------+-------------+-------------+--------------+----------------------------+


Encoding Type:  One-Hot
+---------------------------------------------------------------------------------------------------------------------------------------------------------+
; State Machine - |shield_iot|bluetooth:inst_bluetooth|mef_tx_uart:inst_tx_uart|estado                                                                    ;
+--------------+-------------+-----------+-----------+-----------+-----------+-----------+-----------+-----------+-----------+--------------+-------------+
; Name         ; estado.stop ; estado.d7 ; estado.d6 ; estado.d5 ; estado.d4 ; estado.d3 ; estado.d2 ; estado.d1 ; estado.d0 ; estado.start ; estado.idle ;
+--------------+-------------+-----------+-----------+-----------+-----------+-----------+-----------+-----------+-----------+--------------+-------------+
; estado.idle  ; 0           ; 0         ; 0         ; 0         ; 0         ; 0         ; 0         ; 0         ; 0         ; 0            ; 0           ;
; estado.start ; 0           ; 0         ; 0         ; 0         ; 0         ; 0         ; 0         ; 0         ; 0         ; 1            ; 1           ;
; estado.d0    ; 0           ; 0         ; 0         ; 0         ; 0         ; 0         ; 0         ; 0         ; 1         ; 0            ; 1           ;
; estado.d1    ; 0           ; 0         ; 0         ; 0         ; 0         ; 0         ; 0         ; 1         ; 0         ; 0            ; 1           ;
; estado.d2    ; 0           ; 0         ; 0         ; 0         ; 0         ; 0         ; 1         ; 0         ; 0         ; 0            ; 1           ;
; estado.d3    ; 0           ; 0         ; 0         ; 0         ; 0         ; 1         ; 0         ; 0         ; 0         ; 0            ; 1           ;
; estado.d4    ; 0           ; 0         ; 0         ; 0         ; 1         ; 0         ; 0         ; 0         ; 0         ; 0            ; 1           ;
; estado.d5    ; 0           ; 0         ; 0         ; 1         ; 0         ; 0         ; 0         ; 0         ; 0         ; 0            ; 1           ;
; estado.d6    ; 0           ; 0         ; 1         ; 0         ; 0         ; 0         ; 0         ; 0         ; 0         ; 0            ; 1           ;
; estado.d7    ; 0           ; 1         ; 0         ; 0         ; 0         ; 0         ; 0         ; 0         ; 0         ; 0            ; 1           ;
; estado.stop  ; 1           ; 0         ; 0         ; 0         ; 0         ; 0         ; 0         ; 0         ; 0         ; 0            ; 1           ;
+--------------+-------------+-----------+-----------+-----------+-----------+-----------+-----------+-----------+-----------+--------------+-------------+


+-------------------------------------------------------------------------------------------------------------------------------------------+
; Registers Removed During Synthesis                                                                                                        ;
+----------------------------------------------------------+--------------------------------------------------------------------------------+
; Register name                                            ; Reason for Removal                                                             ;
+----------------------------------------------------------+--------------------------------------------------------------------------------+
; bluetooth:inst_bluetooth|dato_tx[7]                      ; Stuck at GND due to stuck port data_in                                         ;
; wifi:inst_wifi|divisor_frecuencia:inst_clk_153472|cnt[8] ; Merged with bluetooth:inst_bluetooth|divisor_frecuencia:inst_clk_153472|cnt[8] ;
; wifi:inst_wifi|divisor_frecuencia:inst_clk_153472|cnt[7] ; Merged with bluetooth:inst_bluetooth|divisor_frecuencia:inst_clk_153472|cnt[7] ;
; wifi:inst_wifi|divisor_frecuencia:inst_clk_153472|cnt[6] ; Merged with bluetooth:inst_bluetooth|divisor_frecuencia:inst_clk_153472|cnt[6] ;
; wifi:inst_wifi|divisor_frecuencia:inst_clk_153472|cnt[5] ; Merged with bluetooth:inst_bluetooth|divisor_frecuencia:inst_clk_153472|cnt[5] ;
; wifi:inst_wifi|divisor_frecuencia:inst_clk_153472|cnt[4] ; Merged with bluetooth:inst_bluetooth|divisor_frecuencia:inst_clk_153472|cnt[4] ;
; wifi:inst_wifi|divisor_frecuencia:inst_clk_153472|cnt[3] ; Merged with bluetooth:inst_bluetooth|divisor_frecuencia:inst_clk_153472|cnt[3] ;
; wifi:inst_wifi|divisor_frecuencia:inst_clk_153472|cnt[2] ; Merged with bluetooth:inst_bluetooth|divisor_frecuencia:inst_clk_153472|cnt[2] ;
; wifi:inst_wifi|divisor_frecuencia:inst_clk_153472|cnt[1] ; Merged with bluetooth:inst_bluetooth|divisor_frecuencia:inst_clk_153472|cnt[1] ;
; wifi:inst_wifi|divisor_frecuencia:inst_clk_153472|cnt[0] ; Merged with bluetooth:inst_bluetooth|divisor_frecuencia:inst_clk_153472|cnt[0] ;
; wifi:inst_wifi|divisor_frecuencia:inst_clk_9592|cnt[12]  ; Merged with bluetooth:inst_bluetooth|divisor_frecuencia:inst_clk_9592|cnt[12]  ;
; wifi:inst_wifi|divisor_frecuencia:inst_clk_9592|cnt[11]  ; Merged with bluetooth:inst_bluetooth|divisor_frecuencia:inst_clk_9592|cnt[11]  ;
; wifi:inst_wifi|divisor_frecuencia:inst_clk_9592|cnt[10]  ; Merged with bluetooth:inst_bluetooth|divisor_frecuencia:inst_clk_9592|cnt[10]  ;
; wifi:inst_wifi|divisor_frecuencia:inst_clk_9592|cnt[9]   ; Merged with bluetooth:inst_bluetooth|divisor_frecuencia:inst_clk_9592|cnt[9]   ;
; wifi:inst_wifi|divisor_frecuencia:inst_clk_9592|cnt[8]   ; Merged with bluetooth:inst_bluetooth|divisor_frecuencia:inst_clk_9592|cnt[8]   ;
; wifi:inst_wifi|divisor_frecuencia:inst_clk_9592|cnt[7]   ; Merged with bluetooth:inst_bluetooth|divisor_frecuencia:inst_clk_9592|cnt[7]   ;
; wifi:inst_wifi|divisor_frecuencia:inst_clk_9592|cnt[6]   ; Merged with bluetooth:inst_bluetooth|divisor_frecuencia:inst_clk_9592|cnt[6]   ;
; wifi:inst_wifi|divisor_frecuencia:inst_clk_9592|cnt[5]   ; Merged with bluetooth:inst_bluetooth|divisor_frecuencia:inst_clk_9592|cnt[5]   ;
; wifi:inst_wifi|divisor_frecuencia:inst_clk_9592|cnt[4]   ; Merged with bluetooth:inst_bluetooth|divisor_frecuencia:inst_clk_9592|cnt[4]   ;
; wifi:inst_wifi|divisor_frecuencia:inst_clk_9592|cnt[3]   ; Merged with bluetooth:inst_bluetooth|divisor_frecuencia:inst_clk_9592|cnt[3]   ;
; wifi:inst_wifi|divisor_frecuencia:inst_clk_9592|cnt[2]   ; Merged with bluetooth:inst_bluetooth|divisor_frecuencia:inst_clk_9592|cnt[2]   ;
; wifi:inst_wifi|divisor_frecuencia:inst_clk_9592|cnt[1]   ; Merged with bluetooth:inst_bluetooth|divisor_frecuencia:inst_clk_9592|cnt[1]   ;
; wifi:inst_wifi|divisor_frecuencia:inst_clk_9592|cnt[0]   ; Merged with bluetooth:inst_bluetooth|divisor_frecuencia:inst_clk_9592|cnt[0]   ;
; wifi:inst_wifi|dato_tx[7]                                ; Stuck at GND due to stuck port data_in                                         ;
; Total Number of Removed Registers = 24                   ;                                                                                ;
+----------------------------------------------------------+--------------------------------------------------------------------------------+


+------------------------------------------------------+
; General Register Statistics                          ;
+----------------------------------------------+-------+
; Statistic                                    ; Value ;
+----------------------------------------------+-------+
; Total registers                              ; 235   ;
; Number of registers using Synchronous Clear  ; 96    ;
; Number of registers using Synchronous Load   ; 0     ;
; Number of registers using Asynchronous Clear ; 182   ;
; Number of registers using Asynchronous Load  ; 0     ;
; Number of registers using Clock Enable       ; 98    ;
; Number of registers using Preset             ; 0     ;
+----------------------------------------------+-------+


+--------------------------------------------------+
; Inverted Register Statistics                     ;
+----------------------------------------+---------+
; Inverted Register                      ; Fan out ;
+----------------------------------------+---------+
; bluetooth:inst_bluetooth|dato_tx[6]    ; 1       ;
; bluetooth:inst_bluetooth|dato_tx[2]    ; 1       ;
; bluetooth:inst_bluetooth|dato_tx[0]    ; 1       ;
; Total number of inverted registers = 3 ;         ;
+----------------------------------------+---------+


+-----------------------------------------------------------------------------------------------------------------------------------------------------------------------------------------------+
; Multiplexer Restructuring Statistics (Restructuring Performed)                                                                                                                                ;
+--------------------+-----------+---------------+----------------------+------------------------+------------+---------------------------------------------------------------------------------+
; Multiplexer Inputs ; Bus Width ; Baseline Area ; Area if Restructured ; Saving if Restructured ; Registered ; Example Multiplexer Output                                                      ;
+--------------------+-----------+---------------+----------------------+------------------------+------------+---------------------------------------------------------------------------------+
; 3:1                ; 2 bits    ; 4 LEs         ; 2 LEs                ; 2 LEs                  ; Yes        ; |shield_iot|bluetooth:inst_bluetooth|divisor_frecuencia:inst_clk_153472|clk_out ;
; 3:1                ; 2 bits    ; 4 LEs         ; 2 LEs                ; 2 LEs                  ; Yes        ; |shield_iot|wifi:inst_wifi|divisor_frecuencia:inst_clk_9592|clk_out             ;
; 4:1                ; 4 bits    ; 8 LEs         ; 4 LEs                ; 4 LEs                  ; Yes        ; |shield_iot|wifi:inst_wifi|divisor_frecuencia:inst_clk_872|cnt[0]               ;
; 4:1                ; 9 bits    ; 18 LEs        ; 9 LEs                ; 9 LEs                  ; Yes        ; |shield_iot|bluetooth:inst_bluetooth|divisor_frecuencia:inst_clk_153472|cnt[5]  ;
; 4:1                ; 13 bits   ; 26 LEs        ; 13 LEs               ; 13 LEs                 ; Yes        ; |shield_iot|bluetooth:inst_bluetooth|divisor_frecuencia:inst_clk_9592|cnt[6]    ;
; 4:1                ; 4 bits    ; 8 LEs         ; 4 LEs                ; 4 LEs                  ; Yes        ; |shield_iot|bluetooth:inst_bluetooth|divisor_frecuencia:inst_clk_872|cnt[0]     ;
; 6:1                ; 3 bits    ; 12 LEs        ; 3 LEs                ; 9 LEs                  ; Yes        ; |shield_iot|wifi:inst_wifi|mef_rx_uart:inst_rx_uart|n[2]                        ;
; 6:1                ; 3 bits    ; 12 LEs        ; 3 LEs                ; 9 LEs                  ; Yes        ; |shield_iot|bluetooth:inst_bluetooth|mef_rx_uart:inst_rx_uart|n[0]              ;
; 8:1                ; 4 bits    ; 20 LEs        ; 4 LEs                ; 16 LEs                 ; Yes        ; |shield_iot|wifi:inst_wifi|mef_rx_uart:inst_rx_uart|cnt[2]                      ;
; 8:1                ; 4 bits    ; 20 LEs        ; 4 LEs                ; 16 LEs                 ; Yes        ; |shield_iot|bluetooth:inst_bluetooth|mef_rx_uart:inst_rx_uart|cnt[0]            ;
; 13:1               ; 32 bits   ; 256 LEs       ; 32 LEs               ; 224 LEs                ; Yes        ; |shield_iot|wifi:inst_wifi|i[3]                                                 ;
; 14:1               ; 32 bits   ; 288 LEs       ; 32 LEs               ; 256 LEs                ; Yes        ; |shield_iot|wifi:inst_wifi|fallo[27]                                            ;
; 27:1               ; 7 bits    ; 126 LEs       ; 49 LEs               ; 77 LEs                 ; No         ; |shield_iot|wifi:inst_wifi|Selector81                                           ;
; 28:1               ; 2 bits    ; 36 LEs        ; 12 LEs               ; 24 LEs                 ; No         ; |shield_iot|wifi:inst_wifi|Selector80                                           ;
; 29:1               ; 2 bits    ; 38 LEs        ; 4 LEs                ; 34 LEs                 ; No         ; |shield_iot|wifi:inst_wifi|Selector79                                           ;
; 30:1               ; 2 bits    ; 40 LEs        ; 10 LEs               ; 30 LEs                 ; No         ; |shield_iot|wifi:inst_wifi|Selector78                                           ;
+--------------------+-----------+---------------+----------------------+------------------------+------------+---------------------------------------------------------------------------------+


+--------------------------------------------------------------------------------------------------------+
; Parameter Settings for User Entity Instance: bluetooth:inst_bluetooth|divisor_frecuencia:inst_clk_9592 ;
+----------------+-------+-------------------------------------------------------------------------------+
; Parameter Name ; Value ; Type                                                                          ;
+----------------+-------+-------------------------------------------------------------------------------+
; escala         ; 5209  ; Signed Integer                                                                ;
+----------------+-------+-------------------------------------------------------------------------------+
Note: In order to hide this table in the UI and the text report file, please set the "Show Parameter Settings in Synthesis Report" option in "Analysis and Synthesis Settings -> More Settings" to "Off".


+-------------------------------------------------------------------------------------------------------+
; Parameter Settings for User Entity Instance: bluetooth:inst_bluetooth|divisor_frecuencia:inst_clk_872 ;
+----------------+-------+------------------------------------------------------------------------------+
; Parameter Name ; Value ; Type                                                                         ;
+----------------+-------+------------------------------------------------------------------------------+
; escala         ; 11    ; Signed Integer                                                               ;
+----------------+-------+------------------------------------------------------------------------------+
Note: In order to hide this table in the UI and the text report file, please set the "Show Parameter Settings in Synthesis Report" option in "Analysis and Synthesis Settings -> More Settings" to "Off".


+----------------------------------------------------------------------------------------------------------+
; Parameter Settings for User Entity Instance: bluetooth:inst_bluetooth|divisor_frecuencia:inst_clk_153472 ;
+----------------+-------+---------------------------------------------------------------------------------+
; Parameter Name ; Value ; Type                                                                            ;
+----------------+-------+---------------------------------------------------------------------------------+
; escala         ; 326   ; Signed Integer                                                                  ;
+----------------+-------+---------------------------------------------------------------------------------+
Note: In order to hide this table in the UI and the text report file, please set the "Show Parameter Settings in Synthesis Report" option in "Analysis and Synthesis Settings -> More Settings" to "Off".


+---------------------------------------------------------------------------------------------+
; Parameter Settings for User Entity Instance: wifi:inst_wifi|divisor_frecuencia:inst_clk_872 ;
+----------------+-------+--------------------------------------------------------------------+
; Parameter Name ; Value ; Type                                                               ;
+----------------+-------+--------------------------------------------------------------------+
; escala         ; 11    ; Signed Integer                                                     ;
+----------------+-------+--------------------------------------------------------------------+
Note: In order to hide this table in the UI and the text report file, please set the "Show Parameter Settings in Synthesis Report" option in "Analysis and Synthesis Settings -> More Settings" to "Off".


+----------------------------------------------------------------------------------------------+
; Parameter Settings for User Entity Instance: wifi:inst_wifi|divisor_frecuencia:inst_clk_9592 ;
+----------------+-------+---------------------------------------------------------------------+
; Parameter Name ; Value ; Type                                                                ;
+----------------+-------+---------------------------------------------------------------------+
; escala         ; 5209  ; Signed Integer                                                      ;
+----------------+-------+---------------------------------------------------------------------+
Note: In order to hide this table in the UI and the text report file, please set the "Show Parameter Settings in Synthesis Report" option in "Analysis and Synthesis Settings -> More Settings" to "Off".


+------------------------------------------------------------------------------------------------+
; Parameter Settings for User Entity Instance: wifi:inst_wifi|divisor_frecuencia:inst_clk_153472 ;
+----------------+-------+-----------------------------------------------------------------------+
; Parameter Name ; Value ; Type                                                                  ;
+----------------+-------+-----------------------------------------------------------------------+
; escala         ; 326   ; Signed Integer                                                        ;
+----------------+-------+-----------------------------------------------------------------------+
Note: In order to hide this table in the UI and the text report file, please set the "Show Parameter Settings in Synthesis Report" option in "Analysis and Synthesis Settings -> More Settings" to "Off".


+-------------------------------------------------------------------------------------------------------------------+
; Port Connectivity Checks: "wifi:inst_wifi|mef_rx_uart:inst_rx_uart"                                               ;
+---------+--------+----------+-------------------------------------------------------------------------------------+
; Port    ; Type   ; Severity ; Details                                                                             ;
+---------+--------+----------+-------------------------------------------------------------------------------------+
; rx_done ; Output ; Info     ; Connected to dangling logic. Logic that only feeds a dangling port will be removed. ;
+---------+--------+----------+-------------------------------------------------------------------------------------+


+-------------------------------------------------------------------------------------------------------------------+
; Port Connectivity Checks: "bluetooth:inst_bluetooth|mef_rx_uart:inst_rx_uart"                                     ;
+---------+--------+----------+-------------------------------------------------------------------------------------+
; Port    ; Type   ; Severity ; Details                                                                             ;
+---------+--------+----------+-------------------------------------------------------------------------------------+
; rx_done ; Output ; Info     ; Connected to dangling logic. Logic that only feeds a dangling port will be removed. ;
+---------+--------+----------+-------------------------------------------------------------------------------------+


+-------------------------------+
; Elapsed Time Per Partition    ;
+----------------+--------------+
; Partition Name ; Elapsed Time ;
+----------------+--------------+
; Top            ; 00:00:02     ;
+----------------+--------------+


+-------------------------------+
; Analysis & Synthesis Messages ;
+-------------------------------+
Info: *******************************************************************
Info: Running Quartus II 64-Bit Analysis & Synthesis
    Info: Version 13.0.1 Build 232 06/12/2013 Service Pack 1 SJ Web Edition
    Info: Processing started: Thu Sep 16 22:13:08 2021
Info: Command: quartus_map --read_settings_files=on --write_settings_files=off shield_iot -c shield_iot
Warning (20028): Parallel compilation is not licensed and has been disabled
Info (12021): Found 2 design units, including 1 entities, in source file tb_divisor_frecuencia.vhd
    Info (12022): Found design unit 1: tb_divisor_frecuencia-arch_tb_divisor_frecuencia
    Info (12023): Found entity 1: tb_divisor_frecuencia
Info (12021): Found 2 design units, including 1 entities, in source file wifi.vhd
    Info (12022): Found design unit 1: wifi-arch_wifi
    Info (12023): Found entity 1: wifi
Info (12021): Found 2 design units, including 1 entities, in source file shield_iot.vhd
    Info (12022): Found design unit 1: shield_iot-arch_shield_iot
    Info (12023): Found entity 1: shield_iot
Info (12021): Found 2 design units, including 1 entities, in source file mef_tx_uart.vhd
    Info (12022): Found design unit 1: mef_tx_uart-arch_mef_tx_uart
    Info (12023): Found entity 1: mef_tx_uart
Info (12021): Found 2 design units, including 1 entities, in source file mef_rx_uart.vhd
    Info (12022): Found design unit 1: mef_rx_uart-arch_mef_rx_uart
    Info (12023): Found entity 1: mef_rx_uart
Info (12021): Found 0 design units, including 0 entities, in source file lora.vhd
Info (12021): Found 0 design units, including 0 entities, in source file gsm.vhd
Info (12021): Found 2 design units, including 1 entities, in source file divisor_frecuencia.vhd
    Info (12022): Found design unit 1: divisor_frecuencia-arch_divisor_frec
    Info (12023): Found entity 1: divisor_frecuencia
Info (12021): Found 2 design units, including 1 entities, in source file bluetooth.vhd
    Info (12022): Found design unit 1: bluetooth-arch_bluetooth
    Info (12023): Found entity 1: bluetooth
Info (12021): Found 2 design units, including 1 entities, in source file tb_bluetooth.vhd
    Info (12022): Found design unit 1: tb_bluetooth-arch_tb_bluetooth
    Info (12023): Found entity 1: tb_bluetooth
Info (12021): Found 2 design units, including 1 entities, in source file tb_shield_iot.vhd
    Info (12022): Found design unit 1: tb_shield_iot-arch_tb_shield_iot
    Info (12023): Found entity 1: tb_shield_iot
Info (12127): Elaborating entity "shield_iot" for the top level hierarchy
Info (12128): Elaborating entity "bluetooth" for hierarchy "bluetooth:inst_bluetooth"
Warning (10540): VHDL Signal Declaration warning at bluetooth.vhd(65): used explicit default value for signal "long" because signal was never assigned a value
Info (12128): Elaborating entity "divisor_frecuencia" for hierarchy "bluetooth:inst_bluetooth|divisor_frecuencia:inst_clk_9592"
Info (12128): Elaborating entity "mef_tx_uart" for hierarchy "bluetooth:inst_bluetooth|mef_tx_uart:inst_tx_uart"
Info (12128): Elaborating entity "divisor_frecuencia" for hierarchy "bluetooth:inst_bluetooth|divisor_frecuencia:inst_clk_872"
Info (12128): Elaborating entity "divisor_frecuencia" for hierarchy "bluetooth:inst_bluetooth|divisor_frecuencia:inst_clk_153472"
Info (12128): Elaborating entity "mef_rx_uart" for hierarchy "bluetooth:inst_bluetooth|mef_rx_uart:inst_rx_uart"
Info (12128): Elaborating entity "wifi" for hierarchy "wifi:inst_wifi"
Info (13000): Registers with preset signals will power-up high
Info (13003): DEV_CLRn pin will set, and not reset, register with preset signal due to NOT Gate Push-Back
Warning (13024): Output pins are stuck at VCC or GND
    Warning (13410): Pin "seg1" is stuck at VCC
    Warning (13410): Pin "seg2" is stuck at GND
Critical Warning (18061): Ignored Power-Up Level option on the following registers
    Critical Warning (18010): Register bluetooth:inst_bluetooth|dato_tx[6] will power up to High
    Critical Warning (18010): Register bluetooth:inst_bluetooth|dato_tx[2] will power up to High
    Critical Warning (18010): Register bluetooth:inst_bluetooth|dato_tx[0] will power up to High
Info (16010): Generating hard_block partition "hard_block:auto_generated_inst"
    Info (16011): Adding 0 node(s), including 0 DDIO, 0 PLL, 0 transceiver and 0 LCELL
Info (21057): Implemented 674 device resources after synthesis - the final resource count might be different
    Info (21058): Implemented 4 input pins
    Info (21059): Implemented 20 output pins
    Info (21061): Implemented 650 logic cells
Info: Quartus II 64-Bit Analysis & Synthesis was successful. 0 errors, 9 warnings
    Info: Peak virtual memory: 4652 megabytes
    Info: Processing ended: Thu Sep 16 22:13:13 2021
    Info: Elapsed time: 00:00:05
    Info: Total CPU time (on all processors): 00:00:04


